<?xml version="1.0" encoding="UTF-8"?>
<!-- Generated by org.testng.reporters.JUnitReportReporter -->
<testsuite hostname="DESKTOP-3UIJC0B" name="com.qa.testngBasics.GoogleTest" tests="2" failures="0" timestamp="18 Mar 2021 04:38:05 GMT" time="28.928" errors="0">
  <testcase name="imagesLinkTest" time="14.427" classname="com.qa.testngBasics.GoogleTest"/>
  <testcase name="googleGmaiTest" time="14.501" classname="com.qa.testngBasics.GoogleTest"/>
</testsuite> <!-- com.qa.testngBasics.GoogleTest -->
