<?xml version="1.0" encoding="UTF-8"?>
<!-- Generated by org.testng.reporters.JUnitReportReporter -->
<testsuite hostname="DESKTOP-3UIJC0B" name="com.qa.testngBasics.SpicejetTest" tests="1" failures="0" timestamp="1 Jun 2021 03:04:35 GMT" time="43.885" errors="0">
  <testcase name="spicejetLoginPageTest" time="43.885" classname="com.qa.testngBasics.SpicejetTest"/>
</testsuite> <!-- com.qa.testngBasics.SpicejetTest -->
