<?xml version="1.0" encoding="UTF-8"?>
<!-- Generated by org.testng.reporters.JUnitReportReporter -->
<testsuite hostname="DESKTOP-3UIJC0B" name="com.qa.testngBasics.GoogleTest" tests="2" failures="0" timestamp="31 May 2021 23:18:51 GMT" time="46.148" errors="0">
  <testcase name="imagesLinkTest" time="19.446" classname="com.qa.testngBasics.GoogleTest"/>
  <testcase name="googleGmaiTest" time="26.702" classname="com.qa.testngBasics.GoogleTest"/>
</testsuite> <!-- com.qa.testngBasics.GoogleTest -->
