<?xml version="1.0" encoding="UTF-8"?>
<!-- Generated by org.testng.reporters.JUnitReportReporter -->
<testsuite hostname="DESKTOP-3UIJC0B" name="com.qa.testngBasics.TestNGBasics" tests="5" failures="0" timestamp="25 Feb 2021 04:11:15 GMT" time="0.022" errors="0">
  <testcase name="clickonDealsButton" time="0.003" classname="com.qa.testngBasics.TestNGBasics"/>
  <testcase name="clickonSearchButton" time="0.005" classname="com.qa.testngBasics.TestNGBasics"/>
  <testcase name="clickonContactDetails" time="0.008" classname="com.qa.testngBasics.TestNGBasics"/>
  <testcase name="clickonSignInButton" time="0.002" classname="com.qa.testngBasics.TestNGBasics"/>
  <testcase name="getContactDetails" time="0.004" classname="com.qa.testngBasics.TestNGBasics"/>
</testsuite> <!-- com.qa.testngBasics.TestNGBasics -->
